2020-05-26 13:55:02 =CRASH REPORT====
  crasher:
    initial call: supervisor:onepanel_sup/1
    pid: <0.1127.0>
    registered_name: []
    exception error: {{error,{"Cannot create Mnesia dir","/home/kuba/workspace/work/onepanel/{{platform_data_dir}}/mnesia",enoent}},[{onepanel_db,init,0,[{file,"/home/kuba/workspace/work/onepanel/_build/default/lib/onepanel/src/modules/onepanel_db.erl"},{line,42}]},{service_onepanel,init_cluster,1,[{file,"/home/kuba/workspace/work/onepanel/_build/default/lib/onepanel/src/services/modules/service_onepanel.erl"},{line,283}]},{onepanel_sup,init,1,[{file,"/home/kuba/workspace/work/onepanel/_build/default/lib/onepanel/src/onepanel_sup.erl"},{line,75}]},{supervisor,init,1,[{file,"supervisor.erl"},{line,294}]},{gen_server,init_it,2,[{file,"gen_server.erl"},{line,365}]},{gen_server,init_it,6,[{file,"gen_server.erl"},{line,333}]},{proc_lib,init_p_do_apply,3,[{file,"proc_lib.erl"},{line,247}]}]}
    ancestors: [<0.1126.0>]
    message_queue_len: 0
    messages: []
    links: [<0.1126.0>]
    dictionary: []
    trap_exit: true
    status: running
    heap_size: 4185
    stack_size: 27
    reductions: 36482
  neighbours:
2020-05-26 13:55:02 =CRASH REPORT====
  crasher:
    initial call: application_master:init/4
    pid: <0.1125.0>
    registered_name: []
    exception exit: {{{{error,{"Cannot create Mnesia dir","/home/kuba/workspace/work/onepanel/{{platform_data_dir}}/mnesia",enoent}},[{onepanel_db,init,0,[{file,"/home/kuba/workspace/work/onepanel/_build/default/lib/onepanel/src/modules/onepanel_db.erl"},{line,42}]},{service_onepanel,init_cluster,1,[{file,"/home/kuba/workspace/work/onepanel/_build/default/lib/onepanel/src/services/modules/service_onepanel.erl"},{line,283}]},{onepanel_sup,init,1,[{file,"/home/kuba/workspace/work/onepanel/_build/default/lib/onepanel/src/onepanel_sup.erl"},{line,75}]},{supervisor,init,1,[{file,"supervisor.erl"},{line,294}]},{gen_server,init_it,2,[{file,"gen_server.erl"},{line,365}]},{gen_server,init_it,6,[{file,"gen_server.erl"},{line,333}]},{proc_lib,init_p_do_apply,3,[{file,"proc_lib.erl"},{line,247}]}]},{onepanel_app,start,[normal,[]]}},[{application_master,init,4,[{file,"application_master.erl"},{line,134}]},{proc_lib,init_p_do_apply,3,[{file,"proc_lib.erl"},{line,247}]}]}
    ancestors: [<0.1124.0>]
    message_queue_len: 1
    messages: [{'EXIT',<0.1126.0>,normal}]
    links: [<0.1124.0>,<0.33.0>]
    dictionary: []
    trap_exit: true
    status: running
    heap_size: 1598
    stack_size: 27
    reductions: 158
  neighbours:
2020-05-26 13:56:20 =CRASH REPORT====
  crasher:
    initial call: supervisor:onepanel_sup/1
    pid: <0.1089.0>
    registered_name: []
    exception error: {{error,{"Cannot create Mnesia dir","/home/kuba/workspace/work/onepanel/{{platform_data_dir}}/mnesia",enoent}},[{onepanel_db,init,0,[{file,"/home/kuba/workspace/work/onepanel/_build/default/lib/onepanel/src/modules/onepanel_db.erl"},{line,42}]},{service_onepanel,init_cluster,1,[{file,"/home/kuba/workspace/work/onepanel/_build/default/lib/onepanel/src/services/modules/service_onepanel.erl"},{line,283}]},{onepanel_sup,init,1,[{file,"/home/kuba/workspace/work/onepanel/_build/default/lib/onepanel/src/onepanel_sup.erl"},{line,75}]},{supervisor,init,1,[{file,"supervisor.erl"},{line,294}]},{gen_server,init_it,2,[{file,"gen_server.erl"},{line,365}]},{gen_server,init_it,6,[{file,"gen_server.erl"},{line,333}]},{proc_lib,init_p_do_apply,3,[{file,"proc_lib.erl"},{line,247}]}]}
    ancestors: [<0.1088.0>]
    message_queue_len: 0
    messages: []
    links: [<0.1088.0>]
    dictionary: []
    trap_exit: true
    status: running
    heap_size: 4185
    stack_size: 27
    reductions: 32656
  neighbours:
2020-05-26 13:56:20 =CRASH REPORT====
  crasher:
    initial call: application_master:init/4
    pid: <0.1087.0>
    registered_name: []
    exception exit: {{{{error,{"Cannot create Mnesia dir","/home/kuba/workspace/work/onepanel/{{platform_data_dir}}/mnesia",enoent}},[{onepanel_db,init,0,[{file,"/home/kuba/workspace/work/onepanel/_build/default/lib/onepanel/src/modules/onepanel_db.erl"},{line,42}]},{service_onepanel,init_cluster,1,[{file,"/home/kuba/workspace/work/onepanel/_build/default/lib/onepanel/src/services/modules/service_onepanel.erl"},{line,283}]},{onepanel_sup,init,1,[{file,"/home/kuba/workspace/work/onepanel/_build/default/lib/onepanel/src/onepanel_sup.erl"},{line,75}]},{supervisor,init,1,[{file,"supervisor.erl"},{line,294}]},{gen_server,init_it,2,[{file,"gen_server.erl"},{line,365}]},{gen_server,init_it,6,[{file,"gen_server.erl"},{line,333}]},{proc_lib,init_p_do_apply,3,[{file,"proc_lib.erl"},{line,247}]}]},{onepanel_app,start,[normal,[]]}},[{application_master,init,4,[{file,"application_master.erl"},{line,134}]},{proc_lib,init_p_do_apply,3,[{file,"proc_lib.erl"},{line,247}]}]}
    ancestors: [<0.1086.0>]
    message_queue_len: 1
    messages: [{'EXIT',<0.1088.0>,normal}]
    links: [<0.1086.0>,<0.33.0>]
    dictionary: []
    trap_exit: true
    status: running
    heap_size: 1598
    stack_size: 27
    reductions: 158
  neighbours:
2020-05-26 13:56:26 =CRASH REPORT====
  crasher:
    initial call: supervisor:onepanel_sup/1
    pid: <0.1088.0>
    registered_name: []
    exception error: {{error,{"Cannot create Mnesia dir","/home/kuba/workspace/work/onepanel/{{platform_data_dir}}/mnesia",enoent}},[{onepanel_db,init,0,[{file,"/home/kuba/workspace/work/onepanel/_build/default/lib/onepanel/src/modules/onepanel_db.erl"},{line,42}]},{service_onepanel,init_cluster,1,[{file,"/home/kuba/workspace/work/onepanel/_build/default/lib/onepanel/src/services/modules/service_onepanel.erl"},{line,283}]},{onepanel_sup,init,1,[{file,"/home/kuba/workspace/work/onepanel/_build/default/lib/onepanel/src/onepanel_sup.erl"},{line,75}]},{supervisor,init,1,[{file,"supervisor.erl"},{line,294}]},{gen_server,init_it,2,[{file,"gen_server.erl"},{line,365}]},{gen_server,init_it,6,[{file,"gen_server.erl"},{line,333}]},{proc_lib,init_p_do_apply,3,[{file,"proc_lib.erl"},{line,247}]}]}
    ancestors: [<0.1087.0>]
    message_queue_len: 0
    messages: []
    links: []
    dictionary: []
    trap_exit: true
    status: running
    heap_size: 2586
    stack_size: 27
    reductions: 28812
  neighbours:
2020-05-26 13:56:26 =CRASH REPORT====
  crasher:
    initial call: application_master:init/4
    pid: <0.1086.0>
    registered_name: []
    exception exit: {{{{error,{"Cannot create Mnesia dir","/home/kuba/workspace/work/onepanel/{{platform_data_dir}}/mnesia",enoent}},[{onepanel_db,init,0,[{file,"/home/kuba/workspace/work/onepanel/_build/default/lib/onepanel/src/modules/onepanel_db.erl"},{line,42}]},{service_onepanel,init_cluster,1,[{file,"/home/kuba/workspace/work/onepanel/_build/default/lib/onepanel/src/services/modules/service_onepanel.erl"},{line,283}]},{onepanel_sup,init,1,[{file,"/home/kuba/workspace/work/onepanel/_build/default/lib/onepanel/src/onepanel_sup.erl"},{line,75}]},{supervisor,init,1,[{file,"supervisor.erl"},{line,294}]},{gen_server,init_it,2,[{file,"gen_server.erl"},{line,365}]},{gen_server,init_it,6,[{file,"gen_server.erl"},{line,333}]},{proc_lib,init_p_do_apply,3,[{file,"proc_lib.erl"},{line,247}]}]},{onepanel_app,start,[normal,[]]}},[{application_master,init,4,[{file,"application_master.erl"},{line,134}]},{proc_lib,init_p_do_apply,3,[{file,"proc_lib.erl"},{line,247}]}]}
    ancestors: [<0.1085.0>]
    message_queue_len: 1
    messages: [{'EXIT',<0.1087.0>,normal}]
    links: [<0.1085.0>,<0.33.0>]
    dictionary: []
    trap_exit: true
    status: running
    heap_size: 1598
    stack_size: 27
    reductions: 158
  neighbours:
2020-05-27 09:30:39 =CRASH REPORT====
  crasher:
    initial call: supervisor:onepanel_sup/1
    pid: <0.1088.0>
    registered_name: []
    exception error: {{error,{"Cannot create Mnesia dir","/home/kuba/workspace/work/onepanel/{{platform_data_dir}}/mnesia",enoent}},[{onepanel_db,init,0,[{file,"/home/kuba/workspace/work/onepanel/_build/default/lib/onepanel/src/modules/onepanel_db.erl"},{line,42}]},{service_onepanel,init_cluster,1,[{file,"/home/kuba/workspace/work/onepanel/_build/default/lib/onepanel/src/services/modules/service_onepanel.erl"},{line,283}]},{onepanel_sup,init,1,[{file,"/home/kuba/workspace/work/onepanel/_build/default/lib/onepanel/src/onepanel_sup.erl"},{line,75}]},{supervisor,init,1,[{file,"supervisor.erl"},{line,294}]},{gen_server,init_it,2,[{file,"gen_server.erl"},{line,365}]},{gen_server,init_it,6,[{file,"gen_server.erl"},{line,333}]},{proc_lib,init_p_do_apply,3,[{file,"proc_lib.erl"},{line,247}]}]}
    ancestors: [<0.1087.0>]
    message_queue_len: 0
    messages: []
    links: []
    dictionary: []
    trap_exit: true
    status: running
    heap_size: 2586
    stack_size: 27
    reductions: 28810
  neighbours:
2020-05-27 09:30:39 =CRASH REPORT====
  crasher:
    initial call: application_master:init/4
    pid: <0.1086.0>
    registered_name: []
    exception exit: {{{{error,{"Cannot create Mnesia dir","/home/kuba/workspace/work/onepanel/{{platform_data_dir}}/mnesia",enoent}},[{onepanel_db,init,0,[{file,"/home/kuba/workspace/work/onepanel/_build/default/lib/onepanel/src/modules/onepanel_db.erl"},{line,42}]},{service_onepanel,init_cluster,1,[{file,"/home/kuba/workspace/work/onepanel/_build/default/lib/onepanel/src/services/modules/service_onepanel.erl"},{line,283}]},{onepanel_sup,init,1,[{file,"/home/kuba/workspace/work/onepanel/_build/default/lib/onepanel/src/onepanel_sup.erl"},{line,75}]},{supervisor,init,1,[{file,"supervisor.erl"},{line,294}]},{gen_server,init_it,2,[{file,"gen_server.erl"},{line,365}]},{gen_server,init_it,6,[{file,"gen_server.erl"},{line,333}]},{proc_lib,init_p_do_apply,3,[{file,"proc_lib.erl"},{line,247}]}]},{onepanel_app,start,[normal,[]]}},[{application_master,init,4,[{file,"application_master.erl"},{line,134}]},{proc_lib,init_p_do_apply,3,[{file,"proc_lib.erl"},{line,247}]}]}
    ancestors: [<0.1085.0>]
    message_queue_len: 1
    messages: [{'EXIT',<0.1087.0>,normal}]
    links: [<0.1085.0>,<0.33.0>]
    dictionary: []
    trap_exit: true
    status: running
    heap_size: 1598
    stack_size: 27
    reductions: 158
  neighbours:
2020-05-27 10:58:51 =CRASH REPORT====
  crasher:
    initial call: supervisor:onepanel_sup/1
    pid: <0.1088.0>
    registered_name: []
    exception error: {{error,{"Cannot create Mnesia dir","/home/kuba/workspace/work/onepanel/{{platform_data_dir}}/mnesia",enoent}},[{onepanel_db,init,0,[{file,"/home/kuba/workspace/work/onepanel/_build/default/lib/onepanel/src/modules/onepanel_db.erl"},{line,42}]},{service_onepanel,init_cluster,1,[{file,"/home/kuba/workspace/work/onepanel/_build/default/lib/onepanel/src/services/modules/service_onepanel.erl"},{line,283}]},{onepanel_sup,init,1,[{file,"/home/kuba/workspace/work/onepanel/_build/default/lib/onepanel/src/onepanel_sup.erl"},{line,75}]},{supervisor,init,1,[{file,"supervisor.erl"},{line,294}]},{gen_server,init_it,2,[{file,"gen_server.erl"},{line,365}]},{gen_server,init_it,6,[{file,"gen_server.erl"},{line,333}]},{proc_lib,init_p_do_apply,3,[{file,"proc_lib.erl"},{line,247}]}]}
    ancestors: [<0.1087.0>]
    message_queue_len: 0
    messages: []
    links: []
    dictionary: []
    trap_exit: true
    status: running
    heap_size: 2586
    stack_size: 27
    reductions: 28812
  neighbours:
2020-05-27 10:58:51 =CRASH REPORT====
  crasher:
    initial call: application_master:init/4
    pid: <0.1086.0>
    registered_name: []
    exception exit: {{{{error,{"Cannot create Mnesia dir","/home/kuba/workspace/work/onepanel/{{platform_data_dir}}/mnesia",enoent}},[{onepanel_db,init,0,[{file,"/home/kuba/workspace/work/onepanel/_build/default/lib/onepanel/src/modules/onepanel_db.erl"},{line,42}]},{service_onepanel,init_cluster,1,[{file,"/home/kuba/workspace/work/onepanel/_build/default/lib/onepanel/src/services/modules/service_onepanel.erl"},{line,283}]},{onepanel_sup,init,1,[{file,"/home/kuba/workspace/work/onepanel/_build/default/lib/onepanel/src/onepanel_sup.erl"},{line,75}]},{supervisor,init,1,[{file,"supervisor.erl"},{line,294}]},{gen_server,init_it,2,[{file,"gen_server.erl"},{line,365}]},{gen_server,init_it,6,[{file,"gen_server.erl"},{line,333}]},{proc_lib,init_p_do_apply,3,[{file,"proc_lib.erl"},{line,247}]}]},{onepanel_app,start,[normal,[]]}},[{application_master,init,4,[{file,"application_master.erl"},{line,134}]},{proc_lib,init_p_do_apply,3,[{file,"proc_lib.erl"},{line,247}]}]}
    ancestors: [<0.1085.0>]
    message_queue_len: 1
    messages: [{'EXIT',<0.1087.0>,normal}]
    links: [<0.1085.0>,<0.33.0>]
    dictionary: []
    trap_exit: true
    status: running
    heap_size: 1598
    stack_size: 27
    reductions: 158
  neighbours:
2020-05-27 16:27:56 =CRASH REPORT====
  crasher:
    initial call: supervisor:onepanel_sup/1
    pid: <0.1092.0>
    registered_name: []
    exception error: {{error,{"Cannot create Mnesia dir","/home/kuba/workspace/work/onepanel/{{platform_data_dir}}/mnesia",enoent}},[{onepanel_db,init,0,[{file,"/home/kuba/workspace/work/onepanel/_build/default/lib/onepanel/src/modules/onepanel_db.erl"},{line,42}]},{service_onepanel,init_cluster,1,[{file,"/home/kuba/workspace/work/onepanel/_build/default/lib/onepanel/src/services/modules/service_onepanel.erl"},{line,283}]},{onepanel_sup,init,1,[{file,"/home/kuba/workspace/work/onepanel/_build/default/lib/onepanel/src/onepanel_sup.erl"},{line,75}]},{supervisor,init,1,[{file,"supervisor.erl"},{line,294}]},{gen_server,init_it,2,[{file,"gen_server.erl"},{line,365}]},{gen_server,init_it,6,[{file,"gen_server.erl"},{line,333}]},{proc_lib,init_p_do_apply,3,[{file,"proc_lib.erl"},{line,247}]}]}
    ancestors: [<0.1091.0>]
    message_queue_len: 0
    messages: []
    links: [<0.1091.0>]
    dictionary: []
    trap_exit: true
    status: running
    heap_size: 4185
    stack_size: 27
    reductions: 32635
  neighbours:
2020-05-27 16:27:56 =CRASH REPORT====
  crasher:
    initial call: application_master:init/4
    pid: <0.1090.0>
    registered_name: []
    exception exit: {{{{error,{"Cannot create Mnesia dir","/home/kuba/workspace/work/onepanel/{{platform_data_dir}}/mnesia",enoent}},[{onepanel_db,init,0,[{file,"/home/kuba/workspace/work/onepanel/_build/default/lib/onepanel/src/modules/onepanel_db.erl"},{line,42}]},{service_onepanel,init_cluster,1,[{file,"/home/kuba/workspace/work/onepanel/_build/default/lib/onepanel/src/services/modules/service_onepanel.erl"},{line,283}]},{onepanel_sup,init,1,[{file,"/home/kuba/workspace/work/onepanel/_build/default/lib/onepanel/src/onepanel_sup.erl"},{line,75}]},{supervisor,init,1,[{file,"supervisor.erl"},{line,294}]},{gen_server,init_it,2,[{file,"gen_server.erl"},{line,365}]},{gen_server,init_it,6,[{file,"gen_server.erl"},{line,333}]},{proc_lib,init_p_do_apply,3,[{file,"proc_lib.erl"},{line,247}]}]},{onepanel_app,start,[normal,[]]}},[{application_master,init,4,[{file,"application_master.erl"},{line,134}]},{proc_lib,init_p_do_apply,3,[{file,"proc_lib.erl"},{line,247}]}]}
    ancestors: [<0.1089.0>]
    message_queue_len: 1
    messages: [{'EXIT',<0.1091.0>,normal}]
    links: [<0.1089.0>,<0.33.0>]
    dictionary: []
    trap_exit: true
    status: running
    heap_size: 1598
    stack_size: 27
    reductions: 158
  neighbours:
2020-05-28 10:01:28 =CRASH REPORT====
  crasher:
    initial call: supervisor:onepanel_sup/1
    pid: <0.1088.0>
    registered_name: []
    exception error: {{error,{"Cannot create Mnesia dir","/home/kuba/workspace/work/onepanel/{{platform_data_dir}}/mnesia",enoent}},[{onepanel_db,init,0,[{file,"/home/kuba/workspace/work/onepanel/_build/default/lib/onepanel/src/modules/onepanel_db.erl"},{line,42}]},{service_onepanel,init_cluster,1,[{file,"/home/kuba/workspace/work/onepanel/_build/default/lib/onepanel/src/services/modules/service_onepanel.erl"},{line,283}]},{onepanel_sup,init,1,[{file,"/home/kuba/workspace/work/onepanel/_build/default/lib/onepanel/src/onepanel_sup.erl"},{line,75}]},{supervisor,init,1,[{file,"supervisor.erl"},{line,294}]},{gen_server,init_it,2,[{file,"gen_server.erl"},{line,365}]},{gen_server,init_it,6,[{file,"gen_server.erl"},{line,333}]},{proc_lib,init_p_do_apply,3,[{file,"proc_lib.erl"},{line,247}]}]}
    ancestors: [<0.1087.0>]
    message_queue_len: 0
    messages: []
    links: [<0.1087.0>]
    dictionary: []
    trap_exit: true
    status: running
    heap_size: 2586
    stack_size: 27
    reductions: 28811
  neighbours:
2020-05-28 10:01:28 =CRASH REPORT====
  crasher:
    initial call: application_master:init/4
    pid: <0.1086.0>
    registered_name: []
    exception exit: {{{{error,{"Cannot create Mnesia dir","/home/kuba/workspace/work/onepanel/{{platform_data_dir}}/mnesia",enoent}},[{onepanel_db,init,0,[{file,"/home/kuba/workspace/work/onepanel/_build/default/lib/onepanel/src/modules/onepanel_db.erl"},{line,42}]},{service_onepanel,init_cluster,1,[{file,"/home/kuba/workspace/work/onepanel/_build/default/lib/onepanel/src/services/modules/service_onepanel.erl"},{line,283}]},{onepanel_sup,init,1,[{file,"/home/kuba/workspace/work/onepanel/_build/default/lib/onepanel/src/onepanel_sup.erl"},{line,75}]},{supervisor,init,1,[{file,"supervisor.erl"},{line,294}]},{gen_server,init_it,2,[{file,"gen_server.erl"},{line,365}]},{gen_server,init_it,6,[{file,"gen_server.erl"},{line,333}]},{proc_lib,init_p_do_apply,3,[{file,"proc_lib.erl"},{line,247}]}]},{onepanel_app,start,[normal,[]]}},[{application_master,init,4,[{file,"application_master.erl"},{line,134}]},{proc_lib,init_p_do_apply,3,[{file,"proc_lib.erl"},{line,247}]}]}
    ancestors: [<0.1085.0>]
    message_queue_len: 1
    messages: [{'EXIT',<0.1087.0>,normal}]
    links: [<0.1085.0>,<0.33.0>]
    dictionary: []
    trap_exit: true
    status: running
    heap_size: 1598
    stack_size: 27
    reductions: 158
  neighbours:
2020-05-28 11:36:05 =CRASH REPORT====
  crasher:
    initial call: supervisor:onepanel_sup/1
    pid: <0.1089.0>
    registered_name: []
    exception error: {{error,{"Cannot create Mnesia dir","/home/kuba/workspace/work/onepanel/{{platform_data_dir}}/mnesia",enoent}},[{onepanel_db,init,0,[{file,"/home/kuba/workspace/work/onepanel/_build/default/lib/onepanel/src/modules/onepanel_db.erl"},{line,42}]},{service_onepanel,init_cluster,1,[{file,"/home/kuba/workspace/work/onepanel/_build/default/lib/onepanel/src/services/modules/service_onepanel.erl"},{line,283}]},{onepanel_sup,init,1,[{file,"/home/kuba/workspace/work/onepanel/_build/default/lib/onepanel/src/onepanel_sup.erl"},{line,75}]},{supervisor,init,1,[{file,"supervisor.erl"},{line,294}]},{gen_server,init_it,2,[{file,"gen_server.erl"},{line,365}]},{gen_server,init_it,6,[{file,"gen_server.erl"},{line,333}]},{proc_lib,init_p_do_apply,3,[{file,"proc_lib.erl"},{line,247}]}]}
    ancestors: [<0.1088.0>]
    message_queue_len: 0
    messages: []
    links: [<0.1088.0>]
    dictionary: []
    trap_exit: true
    status: running
    heap_size: 4185
    stack_size: 27
    reductions: 36458
  neighbours:
2020-05-28 11:36:05 =CRASH REPORT====
  crasher:
    initial call: application_master:init/4
    pid: <0.1087.0>
    registered_name: []
    exception exit: {{{{error,{"Cannot create Mnesia dir","/home/kuba/workspace/work/onepanel/{{platform_data_dir}}/mnesia",enoent}},[{onepanel_db,init,0,[{file,"/home/kuba/workspace/work/onepanel/_build/default/lib/onepanel/src/modules/onepanel_db.erl"},{line,42}]},{service_onepanel,init_cluster,1,[{file,"/home/kuba/workspace/work/onepanel/_build/default/lib/onepanel/src/services/modules/service_onepanel.erl"},{line,283}]},{onepanel_sup,init,1,[{file,"/home/kuba/workspace/work/onepanel/_build/default/lib/onepanel/src/onepanel_sup.erl"},{line,75}]},{supervisor,init,1,[{file,"supervisor.erl"},{line,294}]},{gen_server,init_it,2,[{file,"gen_server.erl"},{line,365}]},{gen_server,init_it,6,[{file,"gen_server.erl"},{line,333}]},{proc_lib,init_p_do_apply,3,[{file,"proc_lib.erl"},{line,247}]}]},{onepanel_app,start,[normal,[]]}},[{application_master,init,4,[{file,"application_master.erl"},{line,134}]},{proc_lib,init_p_do_apply,3,[{file,"proc_lib.erl"},{line,247}]}]}
    ancestors: [<0.1086.0>]
    message_queue_len: 1
    messages: [{'EXIT',<0.1088.0>,normal}]
    links: [<0.1086.0>,<0.33.0>]
    dictionary: []
    trap_exit: true
    status: running
    heap_size: 1598
    stack_size: 27
    reductions: 158
  neighbours:
2020-05-28 12:42:42 =CRASH REPORT====
  crasher:
    initial call: supervisor:onepanel_sup/1
    pid: <0.1131.0>
    registered_name: []
    exception error: {{error,{"Cannot create Mnesia dir","/home/kuba/workspace/work/onepanel/{{platform_data_dir}}/mnesia",enoent}},[{onepanel_db,init,0,[{file,"/home/kuba/workspace/work/onepanel/_build/default/lib/onepanel/src/modules/onepanel_db.erl"},{line,42}]},{service_onepanel,init_cluster,1,[{file,"/home/kuba/workspace/work/onepanel/_build/default/lib/onepanel/src/services/modules/service_onepanel.erl"},{line,283}]},{onepanel_sup,init,1,[{file,"/home/kuba/workspace/work/onepanel/_build/default/lib/onepanel/src/onepanel_sup.erl"},{line,75}]},{supervisor,init,1,[{file,"supervisor.erl"},{line,294}]},{gen_server,init_it,2,[{file,"gen_server.erl"},{line,365}]},{gen_server,init_it,6,[{file,"gen_server.erl"},{line,333}]},{proc_lib,init_p_do_apply,3,[{file,"proc_lib.erl"},{line,247}]}]}
    ancestors: [<0.1130.0>]
    message_queue_len: 0
    messages: []
    links: [<0.1130.0>]
    dictionary: []
    trap_exit: true
    status: running
    heap_size: 2586
    stack_size: 27
    reductions: 36571
  neighbours:
2020-05-28 12:42:42 =CRASH REPORT====
  crasher:
    initial call: application_master:init/4
    pid: <0.1129.0>
    registered_name: []
    exception exit: {{{{error,{"Cannot create Mnesia dir","/home/kuba/workspace/work/onepanel/{{platform_data_dir}}/mnesia",enoent}},[{onepanel_db,init,0,[{file,"/home/kuba/workspace/work/onepanel/_build/default/lib/onepanel/src/modules/onepanel_db.erl"},{line,42}]},{service_onepanel,init_cluster,1,[{file,"/home/kuba/workspace/work/onepanel/_build/default/lib/onepanel/src/services/modules/service_onepanel.erl"},{line,283}]},{onepanel_sup,init,1,[{file,"/home/kuba/workspace/work/onepanel/_build/default/lib/onepanel/src/onepanel_sup.erl"},{line,75}]},{supervisor,init,1,[{file,"supervisor.erl"},{line,294}]},{gen_server,init_it,2,[{file,"gen_server.erl"},{line,365}]},{gen_server,init_it,6,[{file,"gen_server.erl"},{line,333}]},{proc_lib,init_p_do_apply,3,[{file,"proc_lib.erl"},{line,247}]}]},{onepanel_app,start,[normal,[]]}},[{application_master,init,4,[{file,"application_master.erl"},{line,134}]},{proc_lib,init_p_do_apply,3,[{file,"proc_lib.erl"},{line,247}]}]}
    ancestors: [<0.1128.0>]
    message_queue_len: 1
    messages: [{'EXIT',<0.1130.0>,normal}]
    links: [<0.1128.0>,<0.33.0>]
    dictionary: []
    trap_exit: true
    status: running
    heap_size: 1598
    stack_size: 27
    reductions: 158
  neighbours:
